<?xml version="1.0" encoding="UTF-8"?>
<!-- Generated by org.testng.reporters.JUnitReportReporter -->
<testsuite hostname="DESKTOP-8N9REO6" failures="0" tests="2" name="packandgo.PackGo" time="69.231" errors="0" timestamp="2022-12-08T22:35:39 IST" skipped="0">
  <testcase classname="packandgo.PackGo" name="openbrow" time="3.884"/>
  <system-out/>
  <testcase classname="packandgo.PackGo" name="signin" time="65.347"/>
  <system-out/>
</testsuite> <!-- packandgo.PackGo -->
